TN:verilator_coverage
SF:../lab1_imul/../lab1_imul/IntMulAlt.v
DA:25,33200
DA:26,46
DA:30,242
DA:31,510
DA:32,20
DA:36,84
DA:37,84
DA:38,84
DA:39,84
DA:40,272
DA:44,1118
DA:45,2072
DA:50,602
DA:51,498
DA:63,498
DA:82,182
DA:101,392
DA:102,264
DA:114,264
DA:134,262
DA:135,22
DA:147,20
DA:160,284
DA:195,33200
DA:196,46
DA:200,84
DA:201,84
DA:203,84
DA:204,84
DA:208,84
DA:209,84
DA:210,84
DA:211,84
DA:212,272
DA:216,1118
DA:217,2072
DA:239,84
DA:240,84
DA:242,16577
DA:243,598
DA:244,598
DA:246,15979
DA:253,84
DA:259,0
DA:261,0
DA:263,0
DA:265,126
DA:266,42
DA:267,0
DA:268,0
DA:294,16577
DA:304,16577
DA:305,16577
DA:306,16577
DA:307,16577
DA:308,16577
DA:309,16577
DA:310,16577
DA:311,16577
DA:317,1118
DA:324,0
DA:326,0
DA:330,16061
DA:331,338
DA:332,0
DA:333,42
DA:334,0
DA:350,33200
DA:351,46
DA:353,84
DA:354,84
DA:355,242
DA:357,84
DA:358,84
DA:359,6
DA:369,84
DA:370,84
DA:371,84
DA:372,84
DA:373,272
DA:377,1118
DA:378,2072
DA:380,20
end_of_record
SF:../lab1_imul/CalcShamt.v
DA:12,614
DA:13,182
DA:16,0
DA:17,13452
DA:18,1117
DA:19,292
DA:20,1187
DA:21,343
DA:22,168
DA:23,18
DA:24,0
DA:25,0
end_of_record
SF:../vc/TestMem_2ports4B.v
DA:26,330
DA:27,0
DA:28,0
DA:29,112
DA:30,0
DA:31,20
DA:40,0
DA:63,2310
DA:64,0
DA:65,0
DA:66,0
DA:67,714
DA:68,0
DA:77,0
DA:105,94714
DA:106,92
DA:109,92
DA:113,20474
DA:114,134
DA:115,0
DA:119,2728
DA:120,0
DA:121,402
DA:125,16279
DA:126,20649
DA:127,1688
DA:131,2674
DA:132,2900
DA:133,618
DA:193,20361
DA:194,12688
DA:195,0
DA:216,2728
DA:217,1448
DA:218,330
DA:243,0
DA:244,0
DA:245,80
DA:246,0
DA:247,0
DA:259,0
DA:260,0
DA:261,26
DA:262,0
DA:263,20
DA:278,6
DA:279,0
DA:281,0
DA:282,0
DA:283,0
DA:284,0
DA:287,92
DA:288,92
DA:294,92
DA:295,8440
DA:296,8440
DA:297,8440
DA:298,8440
DA:299,8440
DA:300,8440
DA:304,8440
DA:305,8440
DA:308,8440
DA:309,33760
DA:317,92
DA:318,92
DA:343,92
DA:344,8873
DA:345,8873
DA:346,8873
DA:347,8873
DA:348,8873
DA:349,8873
DA:350,8873
DA:351,8873
DA:352,8873
DA:370,0
DA:375,0
DA:386,80
DA:389,4
DA:394,0
DA:397,0
DA:400,26
DA:403,4
DA:408,58
DA:411,58
DA:414,44
DA:417,40
DA:423,0
DA:427,998
DA:434,0
DA:439,0
DA:453,92
DA:454,0
DA:455,0
DA:456,368
DA:457,1380
DA:459,0
DA:460,0
DA:464,0
DA:466,0
DA:467,0
DA:469,46207
DA:471,0
DA:472,0
DA:476,504
DA:479,504
DA:480,2016
DA:484,46207
DA:485,0
DA:486,0
DA:487,0
DA:488,0
DA:489,0
DA:493,46207
DA:494,0
DA:495,0
DA:496,0
DA:497,0
DA:498,0
DA:504,47311
DA:513,1196
DA:514,1196
DA:515,0
DA:516,0
DA:518,1196
DA:521,0
DA:522,46115
DA:524,46115
DA:525,0
DA:528,504
DA:529,504
DA:532,46115
DA:533,0
DA:536,46115
DA:537,0
DA:547,1688
DA:559,622
DA:624,47311
DA:625,1196
DA:626,0
DA:627,0
DA:628,0
DA:629,0
end_of_record
SF:../vc/TestRandDelay.v
DA:18,189428
DA:19,184
DA:23,0
DA:27,994
DA:28,5600
DA:29,442
DA:33,2338
DA:34,134
DA:35,402
DA:44,0
DA:46,94622
DA:47,94622
DA:48,0
DA:50,94622
DA:55,2384
DA:56,2384
DA:57,0
DA:77,442
DA:88,2384
DA:89,2384
DA:91,94622
DA:92,2392
DA:93,2392
DA:95,92230
DA:96,92230
DA:104,0
DA:108,0
DA:110,0
DA:116,45482
DA:117,3060
DA:118,3060
DA:125,5789
DA:126,3060
DA:127,3060
DA:138,0
DA:140,0
DA:142,45482
DA:143,45482
DA:144,45482
DA:145,45482
DA:146,45482
DA:147,45482
DA:150,5789
DA:151,5789
DA:152,5789
DA:153,5789
DA:154,5789
DA:155,5789
DA:158,0
DA:159,0
DA:160,0
DA:161,0
DA:162,0
DA:163,0
DA:183,94622
DA:184,2392
DA:185,0
DA:186,0
DA:187,0
DA:188,0
DA:189,0
end_of_record
SF:../vc/TestRandDelayMem_2ports4B.v
DA:32,94714
DA:33,92
DA:37,92
DA:41,0
DA:45,17888
DA:46,26094
DA:47,0
DA:51,2728
DA:52,23857
DA:53,442
DA:57,19547
DA:58,20123
DA:59,3062
DA:63,2736
DA:64,2736
DA:65,412
DA:72,20474
DA:73,134
DA:74,0
DA:76,2728
DA:77,0
DA:78,402
DA:81,16279
DA:82,20649
DA:83,1688
DA:85,2674
DA:86,2900
DA:87,618
DA:161,92
DA:162,92
DA:163,92
DA:166,92
DA:167,92
DA:168,92
end_of_record
SF:../vc/TestRandDelaySinkFile.v
DA:17,94714
DA:18,92
DA:22,0
DA:26,810
DA:27,4236
DA:28,380
DA:32,92
DA:39,1044
DA:40,180
DA:41,166
DA:75,92
DA:76,92
DA:77,92
end_of_record
SF:../vc/TestRandDelaySourceFile.v
DA:16,94714
DA:17,92
DA:21,0
DA:25,1294
DA:26,1364
DA:27,210
DA:31,92
DA:38,184
DA:39,1364
DA:40,160
DA:54,92
DA:55,92
DA:56,92
end_of_record
SF:../vc/TestSinkFile.v
DA:20,94714
DA:21,92
DA:25,1044
DA:26,180
DA:27,166
DA:31,92
DA:52,1044
DA:53,0
DA:54,0
DA:55,0
DA:68,92
DA:69,47311
DA:70,47311
DA:71,0
DA:72,92
DA:73,92
DA:76,92
DA:77,92
DA:78,528
DA:79,528
DA:82,528
DA:84,528
DA:85,528
DA:95,0
DA:98,47311
DA:114,1044
DA:121,5
DA:122,0
DA:124,132
DA:127,47311
DA:128,1196
DA:129,1196
DA:131,528
DA:133,528
DA:134,510
DA:135,510
DA:136,510
DA:137,510
DA:139,18
DA:140,18
DA:141,18
DA:142,18
DA:143,18
DA:145,18
DA:146,0
DA:147,0
DA:148,0
DA:149,0
DA:150,0
DA:151,0
DA:152,0
DA:153,0
DA:154,0
DA:155,0
DA:156,0
DA:165,92
DA:166,0
DA:167,0
DA:168,0
DA:169,0
DA:177,47311
DA:178,1196
DA:179,0
DA:180,0
end_of_record
SF:../vc/TestSourceFile.v
DA:16,94714
DA:17,92
DA:21,184
DA:22,1364
DA:23,160
DA:27,92
DA:49,1364
DA:50,4
DA:51,4
DA:52,4
DA:65,92
DA:66,47311
DA:67,47311
DA:69,0
DA:71,92
DA:72,92
DA:74,92
DA:75,92
DA:76,592
DA:77,592
DA:80,592
DA:82,592
DA:83,592
DA:115,252
DA:118,47311
DA:119,1288
DA:120,684
DA:133,1364
DA:146,47311
DA:147,1196
DA:148,0
DA:149,0
end_of_record
SF:../vc/arithmetic.v
DA:16,61
DA:17,590
DA:18,0
DA:19,479
DA:20,1114
DA:34,264
DA:35,20
DA:36,284
DA:69,122
DA:70,76
DA:120,498
DA:121,2072
DA:136,242
DA:137,508
DA:138,5050
DA:188,264
DA:189,182
DA:190,392
DA:206,498
DA:207,182
DA:208,602
end_of_record
SF:../vc/mem-msgs.v
DA:89,568284
DA:90,552
DA:91,64434
DA:92,100036
DA:93,0
DA:96,0
DA:98,0
DA:100,692
DA:102,0
DA:104,92
DA:116,0
DA:311,568284
DA:312,552
DA:313,63519
DA:314,69267
DA:315,0
DA:319,0
DA:321,0
DA:323,0
DA:325,0
DA:327,1844
DA:339,0
end_of_record
SF:../vc/muxes.v
DA:16,218
DA:17,504
DA:18,218
DA:21,0
DA:22,0
DA:23,0
DA:24,334
DA:25,28023
DA:26,0
DA:40,116
DA:41,610
DA:42,974
DA:45,0
DA:46,0
DA:47,0
DA:48,33386
DA:49,13653
DA:50,2692
DA:51,0
DA:65,346
DA:66,26
DA:67,15
DA:70,0
DA:71,0
DA:72,0
DA:73,16408
DA:74,21
DA:75,146
DA:76,2
DA:77,0
end_of_record
SF:../vc/queues.v
DA:38,189428
DA:39,184
DA:41,23202
DA:42,134
DA:44,22491
DA:45,14136
DA:47,15874
DA:48,15824
DA:49,15824
DA:54,15824
DA:55,15874
DA:57,94622
DA:58,94622
DA:70,23232
DA:73,23223
DA:79,15824
DA:82,2059
DA:85,0
DA:124,94714
DA:125,92
DA:126,668
DA:127,668
DA:128,402
DA:129,330
DA:134,330
DA:185,46
DA:187,9332
DA:188,22
DA:190,6933
DA:191,9456
DA:193,5493
DA:194,2836
DA:195,2827
DA:196,5445
DA:197,5445
DA:202,2836
DA:203,2845
DA:213,2827
DA:214,2836
DA:229,22
DA:230,22
DA:247,9338
DA:250,9552
DA:256,5445
DA:259,0
DA:262,5093
DA:284,2827
DA:289,2827
DA:292,2836
DA:295,2836
DA:337,33200
DA:338,46
DA:339,5493
DA:340,5445
DA:341,2836
DA:342,2827
DA:343,0
DA:344,0
DA:349,0
DA:394,33200
DA:395,46
DA:397,1052
DA:398,22
DA:399,402
DA:401,810
DA:402,4236
DA:403,330
DA:405,668
end_of_record
SF:../vc/regfiles.v
DA:20,33200
DA:21,46
DA:25,2827
DA:26,0
DA:30,5493
DA:31,2836
DA:32,0
DA:35,0
DA:43,16577
DA:44,2836
DA:45,2836
DA:150,33200
DA:151,46
DA:155,72
DA:156,242
DA:160,564
DA:161,100
DA:165,3538
DA:166,172
DA:167,362
DA:179,16577
DA:180,2061
DA:181,2061
DA:300,33200
DA:301,46
DA:303,72
DA:304,242
DA:306,564
DA:307,100
DA:309,3538
DA:310,172
DA:311,362
DA:317,242
DA:318,100
end_of_record
SF:../vc/regs.v
DA:23,66400
DA:24,764
DA:25,764
DA:28,33154
DA:29,33154
DA:42,99600
DA:43,138
DA:44,5685
DA:45,5703
DA:48,49731
DA:49,49731
DA:61,61514
DA:62,46
DA:63,416
DA:64,844
DA:65,504
DA:68,30734
DA:69,252
DA:70,252
DA:95,33200
DA:96,46
DA:97,4
DA:98,4
DA:99,2408
DA:102,16577
DA:103,3604
DA:104,3604
end_of_record
SF:../vc/trace.v
DA:20,1453910
DA:21,1426
DA:44,0
DA:45,0
DA:49,0
DA:62,0
DA:63,0
DA:64,0
DA:65,0
DA:71,726242
DA:72,726242
DA:80,0
DA:85,0
DA:86,0
DA:88,0
DA:89,0
DA:90,0
DA:93,0
DA:95,0
DA:96,0
DA:97,0
DA:99,0
DA:100,0
DA:103,0
DA:113,0
DA:118,0
DA:120,0
DA:121,0
DA:123,0
DA:124,0
DA:125,0
DA:126,0
DA:129,0
DA:139,0
DA:145,0
DA:146,0
DA:147,0
DA:149,0
DA:150,0
DA:151,0
DA:152,0
DA:153,0
DA:155,0
DA:156,0
DA:159,0
DA:169,0
DA:175,0
DA:177,0
DA:178,0
DA:179,0
DA:182,0
DA:183,0
DA:184,0
DA:185,0
DA:186,0
DA:187,0
DA:188,0
DA:199,0
DA:206,0
DA:208,0
DA:209,0
DA:210,0
DA:213,0
DA:214,0
DA:216,0
DA:217,0
DA:219,0
DA:220,0
DA:221,0
DA:223,0
DA:224,0
DA:225,0
DA:227,0
DA:228,0
DA:229,0
end_of_record
SF:DropUnit.v
DA:16,33200
DA:17,46
DA:21,320
DA:23,1438
DA:24,8642
DA:25,9204
DA:27,1438
DA:28,8506
DA:29,9286
DA:35,210
DA:36,210
DA:37,9354
DA:47,0
DA:48,144
DA:52,315
DA:53,315
DA:55,49076
DA:57,144
DA:61,117
DA:62,315
DA:64,117
DA:71,0
DA:72,144
DA:76,16433
DA:77,16433
DA:79,144
DA:82,144
DA:83,144
DA:90,16577
DA:92,598
DA:93,598
DA:95,15979
end_of_record
SF:ProcBase.v
DA:22,33200
DA:23,46
DA:27,106
DA:28,640
DA:29,680
DA:33,294
DA:34,394
DA:35,1590
DA:39,0
DA:40,6933
DA:41,9456
DA:45,0
DA:46,8642
DA:47,9204
DA:51,0
DA:52,1322
DA:53,8372
DA:57,0
DA:58,1330
DA:59,1330
DA:65,0
DA:66,8163
DA:67,0
DA:75,5445
DA:76,0
DA:77,9332
DA:78,22
DA:80,15
DA:107,320
DA:108,0
DA:109,8506
DA:110,9286
DA:132,0
DA:133,0
DA:134,1322
DA:135,0
DA:137,346
DA:138,82
DA:139,0
DA:166,516
DA:167,362
DA:168,524
DA:169,516
DA:192,9286
DA:193,26
DA:195,2514
DA:196,6390
DA:197,530
DA:198,0
DA:199,38
DA:200,84
DA:202,82
DA:204,1040
DA:205,690
DA:207,80
DA:208,84
DA:210,786
DA:211,478
DA:213,122
DA:214,172
DA:215,3538
DA:216,0
DA:220,38
DA:221,84
DA:222,5050
DA:223,878
DA:224,1162
DA:225,84
end_of_record
SF:ProcBaseCtrl.v
DA:14,33200
DA:15,46
DA:19,9332
DA:20,22
DA:21,8506
DA:22,9286
DA:23,320
DA:27,1322
DA:28,8372
DA:29,1330
DA:30,1330
DA:34,640
DA:35,680
DA:36,524
DA:37,516
DA:40,9286
DA:41,26
DA:43,2514
DA:44,6390
DA:45,530
DA:46,0
DA:47,38
DA:48,84
DA:50,82
DA:51,0
DA:53,1040
DA:54,690
DA:55,84
DA:57,80
DA:59,786
DA:60,478
DA:62,122
DA:63,172
DA:64,3538
DA:65,0
DA:69,38
DA:70,84
DA:71,5050
DA:72,878
DA:73,1162
DA:74,84
DA:78,8163
DA:102,46
DA:103,6789
DA:104,7930
DA:105,8100
DA:106,8129
DA:118,8552
DA:119,1812
DA:120,810
DA:121,714
DA:122,122
DA:128,9264
DA:129,2514
DA:130,1040
DA:131,786
DA:132,122
DA:139,38
DA:140,296
DA:147,320
DA:148,246
DA:160,16577
DA:161,598
DA:162,598
DA:163,6099
DA:164,6099
DA:169,296
DA:170,4
DA:171,0
DA:175,0
DA:176,148
DA:177,148
DA:178,21
DA:179,21
DA:181,16408
DA:207,9218
DA:221,16577
DA:222,598
DA:223,598
DA:224,4797
DA:225,11182
DA:230,182
DA:231,72
DA:232,564
DA:233,564
DA:329,6382
DA:330,6
DA:331,2662
DA:332,1336
DA:333,690
DA:334,450
DA:335,694
DA:336,2722
DA:337,530
DA:338,766
DA:339,766
DA:340,530
DA:341,0
DA:342,82
DA:345,16577
DA:363,16577
DA:364,16577
DA:365,16577
DA:366,16577
DA:367,16577
DA:368,16577
DA:369,16577
DA:370,16577
DA:371,16577
DA:372,16577
DA:373,16577
DA:374,16577
DA:375,16577
DA:376,16577
DA:377,16577
DA:378,16577
DA:383,0
DA:384,0
DA:388,2761
DA:389,848
DA:390,893
DA:391,360
DA:392,2085
DA:393,1055
DA:399,100
DA:400,107
DA:401,106
DA:402,65
DA:403,59
DA:404,27
DA:405,58
DA:406,51
DA:407,71
DA:408,176
DA:412,1055
DA:413,2
DA:414,53
DA:415,30
DA:416,30
DA:417,30
DA:418,62
DA:419,2
DA:420,43
DA:421,9
DA:422,9
DA:426,801
DA:430,31
DA:431,5
DA:435,1
DA:436,1
DA:437,1
DA:438,25
DA:439,1
DA:443,5564
DA:448,182
DA:453,0
DA:454,0
DA:455,0
DA:456,0
DA:457,0
DA:459,1055
DA:460,1055
DA:461,2085
DA:462,2085
DA:463,16577
DA:464,0
DA:465,16577
DA:466,0
DA:467,16577
DA:468,0
DA:472,36
DA:473,0
DA:474,28
DA:475,28
DA:476,28
DA:478,16549
DA:479,16549
DA:480,16549
DA:489,386
DA:494,512
DA:501,760
DA:508,954
DA:515,550
DA:522,634
DA:529,658
DA:536,1428
DA:556,8435
DA:567,38
DA:568,400
DA:569,558
DA:570,2468
DA:571,172
DA:572,756
DA:573,0
DA:574,6
DA:575,80
DA:581,16577
DA:582,598
DA:583,598
DA:585,1492
DA:586,14487
DA:587,14487
DA:588,14487
DA:589,14487
DA:590,14487
DA:591,14487
DA:592,14487
DA:593,14487
DA:594,14487
DA:595,14487
DA:596,14487
DA:597,14487
DA:602,0
DA:603,142
DA:604,142
DA:605,142
DA:607,1
DA:608,1
DA:609,1
DA:611,1
DA:612,1
DA:613,1
DA:615,7
DA:616,7
DA:617,7
DA:619,1
DA:620,1
DA:621,1
DA:623,1
DA:624,1
DA:625,1
DA:627,2
DA:628,2
DA:629,2
DA:631,16422
DA:632,16422
DA:633,16422
DA:656,8382
DA:667,38
DA:668,382
DA:669,2342
DA:670,172
DA:671,754
DA:672,0
DA:676,16577
DA:677,598
DA:678,598
DA:680,591
DA:681,15388
DA:682,15388
DA:683,15388
DA:684,15388
DA:685,15388
DA:686,15388
DA:687,15388
DA:688,15388
DA:705,8242
DA:716,38
DA:717,736
DA:718,2342
DA:719,0
DA:723,16577
DA:724,598
DA:725,598
DA:727,417
DA:728,15562
DA:729,15562
DA:730,15562
DA:731,15562
DA:732,15562
DA:733,15562
end_of_record
SF:ProcBaseDpath.v
DA:24,33200
DA:25,46
DA:29,15
DA:30,0
DA:34,346
DA:35,10
DA:36,82
DA:40,106
DA:41,362
DA:45,320
DA:47,9286
DA:48,26
DA:50,2514
DA:51,6390
DA:52,530
DA:53,0
DA:54,38
DA:55,84
DA:57,1040
DA:58,690
DA:60,80
DA:61,84
DA:63,786
DA:64,478
DA:66,122
DA:67,172
DA:68,3538
DA:69,0
DA:73,38
DA:74,84
DA:75,5050
DA:76,878
DA:77,1162
DA:78,84
DA:82,0
DA:83,0
DA:97,61
DA:98,15
DA:99,15
DA:100,479
DA:101,479
DA:132,61
DA:133,182
DA:134,72
DA:135,564
DA:136,590
DA:175,242
DA:176,100
DA:177,362
DA:192,242
DA:193,510
DA:195,106
DA:197,0
DA:246,61
DA:247,41
DA:248,242
DA:249,508
DA:302,346
DA:303,352
DA:317,6
DA:348,352
DA:359,10
DA:360,362
DA:376,362
DA:395,0
end_of_record
SF:ProcDpathAlu.v
DA:12,242
DA:13,508
DA:14,690
DA:15,346
DA:16,5050
DA:17,878
DA:18,1162
DA:21,0
DA:23,0
DA:24,12813
DA:25,854
DA:26,2111
DA:30,86
DA:31,110
DA:32,123
DA:33,95
DA:34,88
DA:35,57
DA:36,120
DA:37,50
DA:38,65
DA:39,5
DA:43,0
end_of_record
SF:ProcDpathImmGen.v
DA:11,38
DA:12,38
DA:13,590
DA:16,0
DA:17,0
DA:18,15338
DA:19,15338
DA:21,389
DA:22,389
DA:26,801
DA:27,801
DA:29,18
DA:30,18
DA:32,31
DA:33,31
DA:37,0
DA:38,0
end_of_record
SF:ProcFLMultiCycle.v
DA:20,61514
DA:21,46
DA:25,104
DA:26,654
DA:27,684
DA:31,84
DA:32,416
DA:33,2646
DA:37,0
DA:38,10955
DA:39,16638
DA:43,0
DA:44,10905
DA:45,10919
DA:49,0
DA:50,1406
DA:51,15485
DA:55,0
DA:56,1406
DA:57,1406
DA:63,0
DA:64,0
DA:65,0
DA:73,0
DA:74,0
DA:75,0
DA:76,0
DA:78,39
DA:91,668
DA:92,0
DA:93,1406
DA:94,668
DA:96,0
DA:97,70
DA:98,14
DA:125,504
DA:126,92
DA:127,528
DA:128,504
DA:148,0
DA:149,158
DA:150,48
DA:151,458
DA:152,322
DA:153,0
DA:154,458
DA:166,14
DA:167,39
DA:168,14
DA:169,22
DA:170,22
DA:171,10892
DA:175,11421
DA:176,11421
DA:178,11421
DA:182,78
DA:183,78
DA:185,78
DA:189,756
DA:190,756
DA:192,756
DA:196,438
DA:197,438
DA:199,438
DA:203,48
DA:204,48
DA:206,48
DA:210,33
DA:211,33
DA:213,33
DA:220,0
DA:221,0
DA:222,0
DA:223,0
DA:224,0
DA:225,0
DA:226,0
DA:227,0
DA:228,0
DA:229,0
DA:230,0
DA:231,0
DA:232,0
DA:233,0
DA:234,0
DA:235,0
DA:236,92
DA:237,184
DA:238,184
DA:240,92
DA:241,5489
DA:242,5489
DA:244,8164
DA:245,8164
DA:246,8164
DA:247,2682
DA:248,5482
DA:250,2682
DA:252,8303
DA:253,8303
DA:254,2847
DA:255,5456
DA:256,5456
DA:258,2847
DA:259,2847
DA:262,6822
DA:263,6822
DA:264,6822
DA:265,6822
DA:266,1398
DA:267,1398
DA:268,1398
DA:269,1026
DA:270,1026
DA:271,3168
DA:272,3168
DA:273,3168
DA:276,0
DA:277,0
DA:278,0
DA:279,0
DA:281,581
DA:282,0
DA:283,581
DA:284,581
DA:285,264
DA:286,317
DA:287,317
DA:288,317
DA:292,262
DA:293,262
DA:295,29
DA:296,29
DA:298,33
DA:299,33
DA:301,20
DA:302,20
DA:304,25
DA:305,25
DA:307,16
DA:308,16
DA:310,9
DA:311,9
DA:313,42
DA:314,42
DA:316,3308
DA:317,3308
DA:319,2
DA:320,2
DA:322,16
DA:323,16
DA:325,10
DA:326,10
DA:328,9
DA:329,9
DA:331,9
DA:332,9
DA:334,21
DA:335,21
DA:337,18
DA:338,18
DA:340,17
DA:341,17
DA:343,15
DA:344,15
DA:346,2
DA:347,2
DA:349,9
DA:350,9
DA:352,9
DA:353,9
DA:355,7
DA:356,7
DA:358,451
DA:359,451
DA:360,451
DA:361,451
DA:362,451
DA:363,0
DA:364,451
DA:365,0
DA:366,0
DA:367,0
DA:370,252
DA:371,252
DA:372,252
DA:373,252
DA:374,252
DA:375,0
DA:376,252
DA:377,0
DA:378,0
DA:379,0
DA:382,11
DA:383,11
DA:384,11
DA:386,2
DA:387,2
DA:388,2
DA:390,1
DA:391,0
DA:393,142
DA:394,4
DA:395,138
DA:398,1
DA:399,1
DA:401,7
DA:402,1
DA:404,1
DA:405,1
DA:407,1
DA:408,0
DA:410,86
DA:413,0
DA:414,1404
DA:415,1404
DA:416,912
DA:417,912
DA:418,451
DA:419,451
DA:420,451
DA:421,461
DA:422,461
DA:425,492
DA:426,492
DA:427,240
DA:428,240
DA:429,240
DA:436,16347
DA:438,16347
DA:443,30734
DA:444,30734
DA:445,30734
DA:446,30734
DA:449,5443
DA:450,5443
DA:452,30734
DA:453,30734
DA:454,30734
DA:455,598
DA:456,598
end_of_record
SF:tb_Proc.v
DA:24,0
DA:26,92
DA:27,210
DA:28,1294
DA:29,1364
DA:33,380
DA:34,810
DA:35,4236
DA:39,0
DA:40,17888
DA:41,26094
DA:45,0
DA:46,19547
DA:47,20123
DA:51,0
DA:52,2728
DA:53,23857
DA:57,0
DA:58,2736
DA:59,2736
DA:65,0
DA:66,8163
DA:67,0
DA:69,92
DA:70,92
DA:71,92
DA:208,0
DA:211,92
DA:212,92
DA:213,92
DA:214,92
DA:217,92
DA:218,92
DA:219,92
DA:220,92
DA:221,92
DA:223,0
DA:224,92
DA:225,92
DA:226,92
DA:227,92
DA:229,92
DA:230,92
DA:231,92
DA:232,92
DA:233,92
DA:234,92
DA:238,92
DA:239,92
DA:240,92
DA:253,46759
DA:254,92
DA:255,92
DA:256,92
DA:257,92
DA:258,92
DA:259,92
DA:260,92
DA:262,92
DA:263,92
DA:264,92
DA:265,92
DA:266,92
DA:269,0
DA:270,47403
DA:271,47403
DA:273,0
DA:274,0
DA:277,92
DA:278,0
DA:279,92
DA:280,92
DA:281,0
DA:282,0
DA:283,0
DA:289,47403
DA:290,47403
DA:291,47403
DA:293,0
end_of_record
SF:tinyrv2_encoding.v
DA:145,0
DA:146,0
DA:148,0
DA:152,0
DA:153,0
DA:155,0
DA:159,0
DA:160,0
DA:162,0
DA:166,0
DA:167,0
DA:169,0
DA:173,0
DA:174,0
DA:176,0
DA:180,0
DA:181,0
DA:183,0
DA:191,0
DA:192,0
DA:193,0
DA:194,0
DA:195,0
DA:197,0
DA:198,0
DA:199,0
DA:200,0
DA:201,0
DA:203,0
DA:204,0
DA:208,0
DA:209,0
DA:210,0
DA:211,0
DA:213,0
DA:217,0
DA:218,0
DA:220,0
DA:222,0
DA:223,0
DA:225,0
DA:227,0
DA:228,0
DA:230,0
DA:232,0
DA:233,0
DA:234,0
DA:235,0
DA:236,0
DA:237,0
DA:238,0
DA:239,0
DA:240,0
DA:241,0
DA:243,0
DA:245,0
DA:249,0
DA:250,0
DA:251,0
DA:252,0
DA:253,0
DA:255,0
DA:256,0
DA:257,0
DA:258,0
DA:259,0
DA:260,0
DA:261,0
DA:262,0
DA:264,0
DA:265,0
DA:266,0
DA:267,0
DA:268,0
DA:269,0
DA:271,0
DA:272,0
DA:273,0
DA:274,0
DA:275,0
DA:276,0
DA:278,0
DA:279,0
DA:281,0
DA:282,0
DA:284,0
DA:285,0
DA:287,0
DA:288,0
DA:289,0
DA:290,0
DA:291,0
DA:292,0
DA:294,0
DA:295,0
DA:305,0
DA:306,0
DA:308,0
DA:309,0
DA:310,0
DA:311,0
DA:313,0
DA:314,0
DA:315,0
DA:316,0
DA:317,0
DA:318,0
DA:319,0
DA:320,0
DA:322,0
DA:323,0
DA:324,0
DA:325,0
DA:326,0
DA:327,0
DA:329,0
DA:330,0
DA:331,0
DA:332,0
DA:333,0
DA:334,0
DA:336,0
DA:337,0
DA:339,0
DA:340,0
DA:342,0
DA:343,0
DA:345,0
DA:346,0
DA:347,0
DA:348,0
DA:349,0
DA:350,0
DA:352,0
DA:354,0
DA:370,22
DA:374,22
DA:375,158
DA:376,48
DA:377,458
DA:378,322
DA:379,0
DA:380,458
end_of_record
