TN:verilator_coverage
SF:../vc/TestFixedDelay.v
DA:20,119
DA:21,1
DA:25,0
DA:29,2
DA:30,0
DA:31,0
DA:35,2
DA:36,0
DA:37,0
DA:46,0
DA:52,0
DA:53,0
DA:54,0
DA:74,2
DA:85,0
DA:86,0
DA:88,59
DA:89,4
DA:90,4
DA:92,55
DA:93,55
DA:101,0
DA:105,0
DA:107,0
DA:113,59
DA:114,0
DA:115,0
DA:122,0
DA:123,0
DA:124,0
DA:135,0
DA:137,0
DA:139,59
DA:140,59
DA:141,59
DA:142,59
DA:143,59
DA:144,59
DA:147,0
DA:148,0
DA:149,0
DA:150,0
DA:151,0
DA:152,0
DA:155,0
DA:156,0
DA:157,0
DA:158,0
DA:159,0
DA:160,0
DA:180,59
DA:181,4
DA:182,0
DA:183,0
DA:184,0
DA:185,0
DA:186,0
end_of_record
SF:../vc/TestFixedDelaySink.v
DA:16,119
DA:17,1
DA:21,0
DA:25,2
DA:26,2
DA:27,0
DA:31,1
DA:38,2
DA:39,2
DA:40,0
end_of_record
SF:../vc/TestFixedDelaySource.v
DA:16,119
DA:17,1
DA:21,0
DA:25,2
DA:26,0
DA:27,0
DA:31,1
DA:38,2
DA:39,0
DA:40,0
end_of_record
SF:../vc/TestRandDelay.v
DA:18,119
DA:19,1
DA:23,0
DA:27,2
DA:28,0
DA:29,0
DA:33,2
DA:34,0
DA:35,0
DA:44,0
DA:46,59
DA:47,0
DA:48,59
DA:50,0
DA:55,0
DA:56,0
DA:57,0
DA:77,2
DA:88,0
DA:89,0
DA:91,59
DA:92,4
DA:93,4
DA:95,55
DA:96,55
DA:104,0
DA:108,0
DA:110,0
DA:116,59
DA:117,0
DA:118,0
DA:125,0
DA:126,0
DA:127,0
DA:138,0
DA:140,0
DA:142,59
DA:143,59
DA:144,59
DA:145,59
DA:146,59
DA:147,59
DA:150,0
DA:151,0
DA:152,0
DA:153,0
DA:154,0
DA:155,0
DA:158,0
DA:159,0
DA:160,0
DA:161,0
DA:162,0
DA:163,0
DA:183,59
DA:184,4
DA:185,0
DA:186,0
DA:187,0
DA:188,0
DA:189,0
end_of_record
SF:../vc/TestRandDelaySink.v
DA:17,119
DA:18,1
DA:22,0
DA:26,2
DA:27,2
DA:28,0
DA:32,1
DA:39,2
DA:40,2
DA:41,0
end_of_record
SF:../vc/TestRandDelaySource.v
DA:16,119
DA:17,1
DA:21,0
DA:25,2
DA:26,0
DA:27,0
DA:31,1
DA:38,2
DA:39,0
DA:40,0
end_of_record
SF:../vc/TestSink.v
DA:20,119
DA:21,1
DA:25,2
DA:26,2
DA:27,0
DA:31,1
DA:48,0
DA:52,2
DA:53,2
DA:54,1
DA:67,1
DA:68,59
DA:69,59
DA:75,2
DA:78,59
DA:79,3
DA:94,2
DA:101,0
DA:102,0
DA:104,0
DA:107,59
DA:108,4
DA:109,4
DA:111,3
DA:113,3
DA:114,3
DA:115,3
DA:116,3
DA:117,3
DA:119,0
DA:120,0
DA:121,0
DA:122,0
DA:123,0
DA:125,0
DA:126,0
DA:127,0
DA:128,0
DA:129,0
DA:130,0
DA:131,0
DA:132,0
DA:133,0
DA:134,0
DA:135,0
DA:136,0
DA:148,59
DA:149,4
DA:150,0
DA:151,0
end_of_record
SF:../vc/TestSource.v
DA:16,119
DA:17,1
DA:21,2
DA:22,0
DA:23,0
DA:27,1
DA:44,0
DA:48,2
DA:49,2
DA:50,1
DA:63,1
DA:64,59
DA:65,59
DA:93,2
DA:96,59
DA:97,3
DA:110,2
DA:123,59
DA:124,4
DA:125,0
DA:126,0
end_of_record
SF:../vc/regs.v
DA:95,476
DA:96,4
DA:97,6
DA:98,12
DA:99,12
DA:102,236
DA:103,16
DA:104,16
end_of_record
SF:../vc/trace.v
DA:20,357
DA:21,3
DA:44,0
DA:45,0
DA:49,0
DA:62,0
DA:63,0
DA:64,0
DA:65,0
DA:71,177
DA:72,177
DA:80,0
DA:85,0
DA:86,0
DA:88,0
DA:89,0
DA:90,0
DA:93,0
DA:95,0
DA:96,0
DA:97,0
DA:99,0
DA:100,0
DA:103,0
DA:113,0
DA:118,0
DA:120,0
DA:121,0
DA:123,0
DA:124,0
DA:125,0
DA:126,0
DA:129,0
DA:139,0
DA:145,0
DA:146,0
DA:147,0
DA:149,0
DA:150,0
DA:151,0
DA:152,0
DA:153,0
DA:155,0
DA:156,0
DA:159,0
DA:169,0
DA:175,0
DA:177,0
DA:178,0
DA:179,0
DA:182,0
DA:183,0
DA:184,0
DA:185,0
DA:186,0
DA:187,0
DA:188,0
DA:199,0
DA:206,0
DA:208,0
DA:209,0
DA:210,0
DA:213,0
DA:214,0
DA:216,0
DA:217,0
DA:219,0
DA:220,0
DA:221,0
DA:223,0
DA:224,0
DA:225,0
DA:227,0
DA:228,0
DA:229,0
end_of_record
SF:Adder.v
DA:12,357
DA:13,3
DA:15,6
DA:16,0
DA:17,0
DA:19,6
DA:20,6
DA:21,0
DA:25,0
DA:26,0
DA:35,6
DA:36,6
DA:41,6
DA:43,177
DA:44,12
DA:45,9
DA:46,3
DA:58,0
DA:59,0
DA:61,177
DA:62,12
DA:63,12
DA:64,12
DA:67,9
DA:68,9
DA:69,9
end_of_record
SF:tb_Adder.v
DA:31,0
DA:34,1
DA:36,2
DA:37,0
DA:38,0
DA:40,2
DA:41,2
DA:42,0
DA:46,0
DA:47,0
DA:51,1
DA:52,1
DA:102,60
DA:103,60
DA:104,60
DA:135,0
DA:139,0
DA:140,0
DA:143,0
DA:144,0
DA:146,0
DA:155,0
DA:156,0
DA:158,0
DA:162,0
DA:163,0
DA:164,0
DA:172,1
DA:174,1
DA:175,1
DA:178,1
DA:179,1
DA:180,1
DA:183,5
DA:186,1
DA:189,1
DA:192,1
DA:193,1
DA:203,60
DA:204,60
end_of_record
SF:tb_Adder_FixedDelay.v
DA:35,0
DA:38,1
DA:40,2
DA:41,0
DA:42,0
DA:44,2
DA:45,2
DA:46,0
DA:50,0
DA:51,0
DA:55,1
DA:56,1
DA:108,60
DA:109,60
DA:110,60
DA:142,0
DA:146,0
DA:147,0
DA:150,0
DA:151,0
DA:153,0
DA:162,0
DA:163,0
DA:165,0
DA:169,0
DA:170,0
DA:171,0
DA:179,1
DA:181,1
DA:182,1
DA:185,1
DA:186,1
DA:187,1
DA:190,5
DA:193,1
DA:196,1
DA:199,1
DA:200,1
DA:210,60
DA:211,60
end_of_record
SF:tb_Adder_RandDelay.v
DA:35,0
DA:38,1
DA:40,2
DA:41,0
DA:42,0
DA:44,2
DA:45,2
DA:46,0
DA:50,0
DA:51,0
DA:55,1
DA:56,1
DA:108,60
DA:109,60
DA:110,60
DA:142,0
DA:146,0
DA:147,0
DA:150,0
DA:151,0
DA:153,0
DA:162,0
DA:163,0
DA:165,0
DA:169,0
DA:170,0
DA:171,0
DA:179,1
DA:181,1
DA:182,1
DA:185,1
DA:186,1
DA:187,1
DA:190,5
DA:193,1
DA:196,1
DA:199,1
DA:200,1
DA:210,60
DA:211,60
end_of_record
