TN:verilator_coverage
SF:../vc/arithmetic.v
DA:16,91062
DA:17,0
DA:18,185563
DA:19,362368
DA:20,191256
DA:34,4672
DA:35,2242
DA:36,2430
DA:188,1714
DA:189,4047
DA:190,1712
DA:206,5318
DA:207,0
DA:208,9035
end_of_record
SF:../vc/muxes.v
DA:16,0
DA:17,11324
DA:18,4047
DA:21,0
DA:22,0
DA:23,0
DA:24,12941
DA:25,30878
DA:26,0
end_of_record
SF:../vc/regs.v
DA:23,87639
DA:24,4047
DA:25,4047
DA:28,43819
DA:29,43819
DA:61,285960
DA:62,2
DA:63,2242
DA:64,2242
DA:65,0
DA:68,142979
DA:69,0
DA:70,142979
end_of_record
SF:../vc/trace.v
DA:20,355359
DA:21,3
DA:44,0
DA:45,0
DA:49,0
DA:62,0
DA:63,0
DA:64,0
DA:65,0
DA:71,177678
DA:72,177678
DA:80,0
DA:85,0
DA:86,0
DA:88,0
DA:89,0
DA:90,0
DA:93,0
DA:95,0
DA:96,0
DA:97,0
DA:99,0
DA:100,0
DA:103,0
DA:113,0
DA:118,0
DA:120,0
DA:121,0
DA:123,0
DA:124,0
DA:125,0
DA:126,0
DA:129,0
DA:139,0
DA:145,0
DA:146,0
DA:147,0
DA:149,0
DA:150,0
DA:151,0
DA:152,0
DA:153,0
DA:155,0
DA:156,0
DA:159,0
DA:169,0
DA:175,0
DA:177,0
DA:178,0
DA:179,0
DA:182,0
DA:183,0
DA:184,0
DA:185,0
DA:186,0
DA:187,0
DA:188,0
DA:199,0
DA:206,0
DA:208,0
DA:209,0
DA:210,0
DA:213,0
DA:214,0
DA:216,0
DA:217,0
DA:219,0
DA:220,0
DA:221,0
DA:223,0
DA:224,0
DA:225,0
DA:227,0
DA:228,0
DA:229,0
end_of_record
SF:IntMulAlt.v
DA:16,1749
DA:17,5693
DA:20,11324
DA:21,5693
DA:36,0
DA:37,0
DA:39,0
DA:40,98342
DA:41,13240
DA:42,5742
DA:43,2485
DA:44,1367
DA:45,395
DA:46,15
DA:47,6
DA:48,0
DA:49,0
DA:50,0
DA:51,0
DA:52,0
DA:53,0
DA:54,0
DA:55,0
DA:56,0
DA:57,0
DA:58,0
DA:59,0
DA:60,0
DA:61,0
DA:62,0
DA:63,0
DA:64,0
DA:65,0
DA:66,0
DA:67,0
DA:68,0
DA:69,0
DA:70,0
DA:71,0
DA:72,21389
DA:83,87639
DA:84,1
DA:86,19
DA:87,832
DA:89,5760
DA:90,5760
DA:91,5760
DA:92,10926
DA:93,0
DA:95,11324
DA:96,4047
DA:99,19
DA:102,98
DA:105,1714
DA:106,1714
DA:107,1712
DA:109,1749
DA:110,1749
DA:111,2227
DA:113,832
DA:114,832
DA:116,882
DA:117,834
DA:119,4047
DA:120,5693
DA:121,4047
DA:256,87639
DA:257,1
DA:259,5760
DA:260,5760
DA:261,5760
DA:262,5753
DA:264,5760
DA:265,5760
DA:266,5760
DA:267,10926
DA:268,0
DA:270,11324
DA:271,4047
DA:276,5760
DA:277,5760
DA:278,1700
DA:280,43819
DA:281,3
DA:282,3
DA:283,3
DA:285,3
DA:286,43816
DA:287,2927
DA:288,2927
DA:290,40889
DA:296,5760
DA:297,5760
DA:303,0
DA:304,0
DA:305,0
DA:306,2930
DA:307,5760
DA:308,38009
DA:309,2880
DA:310,2880
DA:311,0
DA:318,43819
DA:328,43819
DA:329,43819
DA:330,43819
DA:331,43819
DA:332,43819
DA:333,43819
DA:334,43819
DA:335,43819
DA:339,0
DA:340,0
DA:341,2930
DA:342,29425
DA:343,0
DA:344,2880
DA:360,87639
DA:361,1
DA:363,5760
DA:364,5760
DA:365,19
DA:367,5760
DA:368,5753
DA:369,832
DA:372,5760
DA:373,5760
DA:374,5760
DA:375,10926
DA:376,0
DA:377,11324
DA:378,4047
end_of_record
SF:IntMulBase.v
DA:18,198321
DA:19,1
DA:21,30
DA:22,1410
DA:24,5830
DA:25,5830
DA:26,5830
DA:27,11556
DA:28,0
DA:30,13880
DA:33,30
DA:36,454
DA:39,2958
DA:40,2958
DA:41,2958
DA:43,3569
DA:44,3569
DA:45,6808
DA:47,1410
DA:48,1410
DA:50,1548
DA:51,1480
DA:159,198321
DA:160,1
DA:162,5830
DA:163,5830
DA:164,5830
DA:165,5823
DA:167,5830
DA:168,5830
DA:169,5830
DA:170,11556
DA:171,0
DA:173,13880
DA:178,5830
DA:179,5830
DA:180,0
DA:182,99160
DA:183,3
DA:184,3
DA:185,3
DA:187,3
DA:188,99157
DA:189,2962
DA:190,2962
DA:192,96195
DA:198,5830
DA:199,5830
DA:205,0
DA:206,0
DA:207,0
DA:208,2965
DA:209,5830
DA:210,93280
DA:211,2915
DA:212,2915
DA:213,0
DA:220,99160
DA:230,99160
DA:231,99160
DA:232,99160
DA:233,99160
DA:234,99160
DA:235,99160
DA:236,99160
DA:237,99160
DA:241,0
DA:242,0
DA:243,2965
DA:244,41780
DA:245,0
DA:246,2915
DA:262,198321
DA:263,1
DA:265,5830
DA:266,5830
DA:267,30
DA:269,5830
DA:270,5823
DA:271,1410
DA:274,5830
DA:275,5830
DA:276,5830
DA:277,11556
DA:278,0
DA:279,13880
end_of_record
SF:IntMulSimple.v
DA:16,69399
DA:17,1
DA:18,7090
DA:19,7090
DA:20,293
DA:22,7090
DA:23,7083
DA:24,771
DA:27,293
DA:28,759
DA:29,7090
DA:30,771
DA:35,34699
DA:36,34699
DA:37,3545
DA:38,3545
DA:41,34699
DA:42,34699
DA:46,0
DA:47,0
DA:48,0
DA:49,7090
DA:50,7090
DA:51,7090
DA:53,7102
DA:54,7102
end_of_record
SF:tb_IntMul.v
DA:20,0
DA:23,3
DA:25,18680
DA:26,18680
DA:27,354
DA:29,18659
DA:30,18680
DA:31,3634
DA:34,0
DA:35,0
DA:37,354
DA:38,1317
DA:41,0
DA:42,0
DA:43,0
DA:65,177681
DA:66,177681
DA:67,177681
DA:68,0
DA:111,0
DA:113,0
DA:115,0
DA:117,1
DA:145,0
DA:147,0
DA:179,0
DA:181,0
DA:213,0
DA:215,0
DA:252,40
DA:253,40
DA:254,80
DA:255,80
DA:256,3200
DA:308,35
DA:309,35
DA:310,35
DA:311,35
DA:312,1225
DA:313,331
DA:314,894
DA:316,322
DA:317,322
DA:321,100
DA:322,100
DA:332,20
DA:333,20
DA:343,20
DA:344,20
DA:354,20
DA:355,0
DA:361,0
DA:365,20
DA:366,20
DA:377,20
DA:378,20
DA:388,20
DA:389,20
DA:399,20
DA:400,20
DA:410,20
DA:411,20
DA:421,20
DA:422,20
DA:432,500
DA:433,500
DA:466,0
DA:472,3541
end_of_record
